This is pdfTeX, Version 3.14159265-2.6-1.40.18 (TeX Live 2017) (preloaded format=pdflatex 2017.9.22)  6 OCT 2017 10:38
entering extended mode
 restricted \write18 enabled.
 %&-line parsing enabled.
**description_of_changed_files.tex
(./description_of_changed_files.tex
LaTeX2e <2017-04-15>
Babel <3.13> and hyphenation patterns for 84 language(s) loaded.
(/tmp_mnt/el6/TeX/texmf-dist/tex/latex/koma-script/scrreprt.cls
Document Class: scrreprt 2017/09/07 v3.24 KOMA-Script document class (report)
(/tmp_mnt/el6/TeX/texmf-dist/tex/latex/koma-script/scrkbase.sty
Package: scrkbase 2017/09/07 v3.24 KOMA-Script package (KOMA-Script-dependent b
asics and keyval usage)

(/tmp_mnt/el6/TeX/texmf-dist/tex/latex/koma-script/scrbase.sty
Package: scrbase 2017/09/07 v3.24 KOMA-Script package (KOMA-Script-independent 
basics and keyval usage)

(/tmp_mnt/el6/TeX/texmf-dist/tex/latex/graphics/keyval.sty
Package: keyval 2014/10/28 v1.15 key=value parser (DPC)
\KV@toks@=\toks14
)
(/tmp_mnt/el6/TeX/texmf-dist/tex/latex/koma-script/scrlfile.sty
Package: scrlfile 2017/09/07 v3.24 KOMA-Script package (loading files)
)))
(/tmp_mnt/el6/TeX/texmf-dist/tex/latex/koma-script/tocbasic.sty
Package: tocbasic 2017/09/07 v3.24 KOMA-Script package (handling toc-files)
\scr@dte@tocline@numberwidth=\skip41
\scr@dte@tocline@numbox=\box26
)
Package tocbasic Info: omitting babel extension for `toc'
(tocbasic)             because of feature `nobabel' available
(tocbasic)             for `toc' on input line 135.
Package tocbasic Info: omitting babel extension for `lof'
(tocbasic)             because of feature `nobabel' available
(tocbasic)             for `lof' on input line 137.
Package tocbasic Info: omitting babel extension for `lot'
(tocbasic)             because of feature `nobabel' available
(tocbasic)             for `lot' on input line 138.
Package tocbasic Info: defining new hook before heading of `' on input line 162
7.
Package scrreprt Info: You've used standard option `10pt'.
(scrreprt)             This is correct!
(scrreprt)             Internally I'm using `fontsize=10pt'.
(scrreprt)             If you'd like to set the option with \KOMAoptions,
(scrreprt)             you'd have to use `fontsize=10pt' there
(scrreprt)             instead of `10pt', too.
Class scrreprt Info: File `scrsize10pt.clo' used to setup font sizes on input l
ine 2293.

(/tmp_mnt/el6/TeX/texmf-dist/tex/latex/koma-script/scrsize10pt.clo
File: scrsize10pt.clo 2017/09/07 v3.24 KOMA-Script font size class option (10pt
)
)
(/tmp_mnt/el6/TeX/texmf-dist/tex/latex/koma-script/typearea.sty
Package: typearea 2017/09/07 v3.24 KOMA-Script package (type area)
\ta@bcor=\skip42
\ta@div=\count79
Package typearea Info: You've used standard option `a4paper'.
(typearea)             This is correct!
(typearea)             Internally I'm using `paper=a4'.
(typearea)             If you'd like to set the option with \KOMAoptions,
(typearea)             you'd have to use `paper=a4' there
(typearea)             instead of `a4paper', too.
\ta@hblk=\skip43
\ta@vblk=\skip44
\ta@temp=\skip45
\footheight=\skip46
Package typearea Info: These are the values describing the layout:
(typearea)             DIV  = 8
(typearea)             BCOR = 0.0pt
(typearea)             \paperwidth      = 597.50793pt
(typearea)              \textwidth      = 373.44246pt
(typearea)              DIV departure   = -4%
(typearea)              \evensidemargin = 39.76274pt
(typearea)              \oddsidemargin  = 39.76274pt
(typearea)             \paperheight     = 845.04694pt
(typearea)              \textheight     = 538.0pt
(typearea)              \topmargin      = 0.36087pt
(typearea)              \headheight     = 15.0pt
(typearea)              \headsep        = 18.0pt
(typearea)              \topskip        = 10.0pt
(typearea)              \footskip       = 42.0pt
(typearea)              \baselineskip   = 12.0pt
(typearea)              on input line 1686.
)
\c@part=\count80
\c@chapter=\count81
\c@section=\count82
\c@subsection=\count83
\c@subsubsection=\count84
\c@paragraph=\count85
\c@subparagraph=\count86
\scr@dte@part@maxnumwidth=\skip47
\scr@dte@chapter@maxnumwidth=\skip48
\scr@dte@section@maxnumwidth=\skip49
\scr@dte@subsection@maxnumwidth=\skip50
\scr@dte@subsubsection@maxnumwidth=\skip51
\scr@dte@paragraph@maxnumwidth=\skip52
\scr@dte@subparagraph@maxnumwidth=\skip53
LaTeX Info: Redefining \textsubscript on input line 4964.
\abovecaptionskip=\skip54
\belowcaptionskip=\skip55
\c@pti@nb@sid@b@x=\box27
\c@figure=\count87
\c@table=\count88
Class scrreprt Info: Redefining `\numberline' on input line 6130.
\bibindent=\dimen102
)
(/tmp_mnt/el6/TeX/texmf-dist/tex/latex/amsmath/amsmath.sty
Package: amsmath 2017/09/02 v2.17a AMS math features
\@mathmargin=\skip56

For additional information on amsmath, use the `?' option.
(/tmp_mnt/el6/TeX/texmf-dist/tex/latex/amsmath/amstext.sty
Package: amstext 2000/06/29 v2.01 AMS text

(/tmp_mnt/el6/TeX/texmf-dist/tex/latex/amsmath/amsgen.sty
File: amsgen.sty 1999/11/30 v2.0 generic functions
\@emptytoks=\toks15
\ex@=\dimen103
))
(/tmp_mnt/el6/TeX/texmf-dist/tex/latex/amsmath/amsbsy.sty
Package: amsbsy 1999/11/29 v1.2d Bold Symbols
\pmbraise@=\dimen104
)
(/tmp_mnt/el6/TeX/texmf-dist/tex/latex/amsmath/amsopn.sty
Package: amsopn 2016/03/08 v2.02 operator names
)
\inf@bad=\count89
LaTeX Info: Redefining \frac on input line 213.
\uproot@=\count90
\leftroot@=\count91
LaTeX Info: Redefining \overline on input line 375.
\classnum@=\count92
\DOTSCASE@=\count93
LaTeX Info: Redefining \ldots on input line 472.
LaTeX Info: Redefining \dots on input line 475.
LaTeX Info: Redefining \cdots on input line 596.
\Mathstrutbox@=\box28
\strutbox@=\box29
\big@size=\dimen105
LaTeX Font Info:    Redeclaring font encoding OML on input line 712.
LaTeX Font Info:    Redeclaring font encoding OMS on input line 713.
\macc@depth=\count94
\c@MaxMatrixCols=\count95
\dotsspace@=\muskip10
\c@parentequation=\count96
\dspbrk@lvl=\count97
\tag@help=\toks16
\row@=\count98
\column@=\count99
\maxfields@=\count100
\andhelp@=\toks17
\eqnshift@=\dimen106
\alignsep@=\dimen107
\tagshift@=\dimen108
\tagwidth@=\dimen109
\totwidth@=\dimen110
\lineht@=\dimen111
\@envbody=\toks18
\multlinegap=\skip57
\multlinetaggap=\skip58
\mathdisplay@stack=\toks19
LaTeX Info: Redefining \[ on input line 2817.
LaTeX Info: Redefining \] on input line 2818.
)
(/tmp_mnt/el6/TeX/texmf-dist/tex/generic/babel/babel.sty
Package: babel 2017/09/18 3.13 The Babel package

(/tmp_mnt/el6/TeX/texmf-dist/tex/generic/babel/switch.def
File: switch.def 2017/09/18 3.13 Babel switching mechanism
)
(/tmp_mnt/el6/TeX/texmf-dist/tex/generic/babel-english/english.ldf
Language: english 2017/06/06 v3.3r English support from the babel system

(/tmp_mnt/el6/TeX/texmf-dist/tex/generic/babel/babel.def
File: babel.def 2017/09/18 3.13 Babel common definitions

(/tmp_mnt/el6/TeX/texmf-dist/tex/generic/babel/switch.def
File: switch.def 2017/09/18 3.13 Babel switching mechanism
)
\babel@savecnt=\count101
\U@D=\dimen112
)
\l@canadian = a dialect from \language\l@american 
\l@australian = a dialect from \language\l@british 
\l@newzealand = a dialect from \language\l@british 
))
(/tmp_mnt/el6/TeX/texmf-dist/tex/latex/base/inputenc.sty
Package: inputenc 2015/03/17 v1.2c Input encoding file
\inpenc@prehook=\toks20
\inpenc@posthook=\toks21

(/tmp_mnt/el6/TeX/texmf-dist/tex/latex/base/latin1.def
File: latin1.def 2015/03/17 v1.2c Input encoding file
))
(/tmp_mnt/el6/TeX/texmf-dist/tex/latex/graphics/graphicx.sty
Package: graphicx 2017/06/01 v1.1a Enhanced LaTeX Graphics (DPC,SPQR)

(/tmp_mnt/el6/TeX/texmf-dist/tex/latex/graphics/graphics.sty
Package: graphics 2017/06/25 v1.2c Standard LaTeX Graphics (DPC,SPQR)

(/tmp_mnt/el6/TeX/texmf-dist/tex/latex/graphics/trig.sty
Package: trig 2016/01/03 v1.10 sin cos tan (DPC)
)
(/tmp_mnt/el6/TeX/texmf-dist/tex/latex/graphics-cfg/graphics.cfg
File: graphics.cfg 2016/06/04 v1.11 sample graphics configuration
)
Package graphics Info: Driver file: pdftex.def on input line 99.

(/tmp_mnt/el6/TeX/texmf-dist/tex/latex/graphics-def/pdftex.def
File: pdftex.def 2017/06/24 v1.0g Graphics/color driver for pdftex
))
\Gin@req@height=\dimen113
\Gin@req@width=\dimen114
)
(/tmp_mnt/el6/TeX/texmf-dist/tex/latex/cite/cite.sty
LaTeX Info: Redefining \cite on input line 302.
LaTeX Info: Redefining \nocite on input line 332.
Package: cite 2015/02/27  v 5.5
)
(/tmp_mnt/el6/TeX/texmf-dist/tex/latex/hyperref/hyperref.sty
Package: hyperref 2017/03/14 v6.85a Hypertext links for LaTeX

(/tmp_mnt/el6/TeX/texmf-dist/tex/generic/oberdiek/hobsub-hyperref.sty
Package: hobsub-hyperref 2016/05/16 v1.14 Bundle oberdiek, subset hyperref (HO)


(/tmp_mnt/el6/TeX/texmf-dist/tex/generic/oberdiek/hobsub-generic.sty
Package: hobsub-generic 2016/05/16 v1.14 Bundle oberdiek, subset generic (HO)
Package: hobsub 2016/05/16 v1.14 Construct package bundles (HO)
Package: infwarerr 2016/05/16 v1.4 Providing info/warning/error messages (HO)
Package: ltxcmds 2016/05/16 v1.23 LaTeX kernel commands for general use (HO)
Package: ifluatex 2016/05/16 v1.4 Provides the ifluatex switch (HO)
Package ifluatex Info: LuaTeX not detected.
Package: ifvtex 2016/05/16 v1.6 Detect VTeX and its facilities (HO)
Package ifvtex Info: VTeX not detected.
Package: intcalc 2016/05/16 v1.2 Expandable calculations with integers (HO)
Package: ifpdf 2017/03/15 v3.2 Provides the ifpdf switch
Package: etexcmds 2016/05/16 v1.6 Avoid name clashes with e-TeX commands (HO)
Package etexcmds Info: Could not find \expanded.
(etexcmds)             That can mean that you are not using pdfTeX 1.50 or
(etexcmds)             that some package has redefined \expanded.
(etexcmds)             In the latter case, load this package earlier.
Package: kvsetkeys 2016/05/16 v1.17 Key value parser (HO)
Package: kvdefinekeys 2016/05/16 v1.4 Define keys (HO)
Package: pdftexcmds 2017/03/19 v0.25 Utility functions of pdfTeX for LuaTeX (HO
)
Package pdftexcmds Info: LuaTeX not detected.
Package pdftexcmds Info: \pdf@primitive is available.
Package pdftexcmds Info: \pdf@ifprimitive is available.
Package pdftexcmds Info: \pdfdraftmode found.
Package: pdfescape 2016/05/16 v1.14 Implements pdfTeX's escape features (HO)
Package: bigintcalc 2016/05/16 v1.4 Expandable calculations on big integers (HO
)
Package: bitset 2016/05/16 v1.2 Handle bit-vector datatype (HO)
Package: uniquecounter 2016/05/16 v1.3 Provide unlimited unique counter (HO)
)
Package hobsub Info: Skipping package `hobsub' (already loaded).
Package: letltxmacro 2016/05/16 v1.5 Let assignment for LaTeX macros (HO)
Package: hopatch 2016/05/16 v1.3 Wrapper for package hooks (HO)
Package: xcolor-patch 2016/05/16 xcolor patch
Package: atveryend 2016/05/16 v1.9 Hooks at the very end of document (HO)
Package atveryend Info: \enddocument detected (standard20110627).
Package: atbegshi 2016/06/09 v1.18 At begin shipout hook (HO)
Package: refcount 2016/05/16 v3.5 Data extraction from label references (HO)
Package: hycolor 2016/05/16 v1.8 Color options for hyperref/bookmark (HO)
)
(/tmp_mnt/el6/TeX/texmf-dist/tex/generic/ifxetex/ifxetex.sty
Package: ifxetex 2010/09/12 v0.6 Provides ifxetex conditional
)
(/tmp_mnt/el6/TeX/texmf-dist/tex/latex/oberdiek/auxhook.sty
Package: auxhook 2016/05/16 v1.4 Hooks for auxiliary files (HO)
)
(/tmp_mnt/el6/TeX/texmf-dist/tex/latex/oberdiek/kvoptions.sty
Package: kvoptions 2016/05/16 v3.12 Key value format for package options (HO)
)
\@linkdim=\dimen115
\Hy@linkcounter=\count102
\Hy@pagecounter=\count103

(/tmp_mnt/el6/TeX/texmf-dist/tex/latex/hyperref/pd1enc.def
File: pd1enc.def 2017/03/14 v6.85a Hyperref: PDFDocEncoding definition (HO)
)
\Hy@SavedSpaceFactor=\count104

(/tmp_mnt/el6/TeX/texmf-dist/tex/latex/latexconfig/hyperref.cfg
File: hyperref.cfg 2002/06/06 v1.2 hyperref configuration of TeXLive
)
Package hyperref Info: Hyper figures OFF on input line 4498.
Package hyperref Info: Link nesting OFF on input line 4503.
Package hyperref Info: Hyper index ON on input line 4506.
Package hyperref Info: Plain pages OFF on input line 4513.
Package hyperref Info: Backreferencing OFF on input line 4518.
Package hyperref Info: Implicit mode ON; LaTeX internals redefined.
Package hyperref Info: Bookmarks ON on input line 4751.
\c@Hy@tempcnt=\count105

(/tmp_mnt/el6/TeX/texmf-dist/tex/latex/url/url.sty
\Urlmuskip=\muskip11
Package: url 2013/09/16  ver 3.4  Verb mode for urls, etc.
)
LaTeX Info: Redefining \url on input line 5104.
\XeTeXLinkMargin=\dimen116
\Fld@menulength=\count106
\Field@Width=\dimen117
\Fld@charsize=\dimen118
Package hyperref Info: Hyper figures OFF on input line 6358.
Package hyperref Info: Link nesting OFF on input line 6363.
Package hyperref Info: Hyper index ON on input line 6366.
Package hyperref Info: backreferencing OFF on input line 6373.
Package hyperref Info: Link coloring OFF on input line 6378.
Package hyperref Info: Link coloring with OCG OFF on input line 6383.
Package hyperref Info: PDF/A mode OFF on input line 6388.
LaTeX Info: Redefining \ref on input line 6428.
LaTeX Info: Redefining \pageref on input line 6432.
\Hy@abspage=\count107
\c@Item=\count108
\c@Hfootnote=\count109
)

Package hyperref Message: Driver (autodetected): hpdftex.

(/tmp_mnt/el6/TeX/texmf-dist/tex/latex/hyperref/hpdftex.def
File: hpdftex.def 2017/03/14 v6.85a Hyperref driver for pdfTeX
\Fld@listcount=\count110
\c@bookmark@seq@number=\count111

(/tmp_mnt/el6/TeX/texmf-dist/tex/latex/oberdiek/rerunfilecheck.sty
Package: rerunfilecheck 2016/05/16 v1.8 Rerun checks for auxiliary files (HO)
Package uniquecounter Info: New unique counter `rerunfilecheck' on input line 2
82.
)
\Hy@SectionHShift=\skip59
)
(/tmp_mnt/el6/TeX/texmf-dist/tex/latex/amsfonts/amsfonts.sty
Package: amsfonts 2013/01/14 v3.01 Basic AMSFonts support
\symAMSa=\mathgroup4
\symAMSb=\mathgroup5
LaTeX Font Info:    Overwriting math alphabet `\mathfrak' in version `bold'
(Font)                  U/euf/m/n --> U/euf/b/n on input line 106.
)
(/tmp_mnt/el6/TeX/texmf-dist/tex/latex/doublestroke/dsfont.sty
Package: dsfont 1995/08/01 v0.1 Double stroke roman fonts
)
(/tmp_mnt/el6/TeX/texmf-dist/tex/latex/cleveref/cleveref.sty
Package: cleveref 2013/12/28 v0.19 Intelligent cross-referencing
Package cleveref Info: `hyperref' support loaded on input line 2230.
LaTeX Info: Redefining \cref on input line 2230.
LaTeX Info: Redefining \Cref on input line 2230.
LaTeX Info: Redefining \crefrange on input line 2230.
LaTeX Info: Redefining \Crefrange on input line 2230.
LaTeX Info: Redefining \cpageref on input line 2230.
LaTeX Info: Redefining \Cpageref on input line 2230.
LaTeX Info: Redefining \cpagerefrange on input line 2230.
LaTeX Info: Redefining \Cpagerefrange on input line 2230.
LaTeX Info: Redefining \labelcref on input line 2230.
LaTeX Info: Redefining \labelcpageref on input line 2230.
Package cleveref Info: always capitalise cross-reference names on input line 74
65.
Package cleveref Info: always capitalise cross-reference names on input line 74
93.
)
(/tmp_mnt/el6/TeX/texmf-dist/tex/latex/geometry/geometry.sty
Package: geometry 2010/09/12 v5.6 Page Geometry
\Gm@cnth=\count112
\Gm@cntv=\count113
\c@Gm@tempcnt=\count114
\Gm@bindingoffset=\dimen119
\Gm@wd@mp=\dimen120
\Gm@odd@mp=\dimen121
\Gm@even@mp=\dimen122
\Gm@layoutwidth=\dimen123
\Gm@layoutheight=\dimen124
\Gm@layouthoffset=\dimen125
\Gm@layoutvoffset=\dimen126
\Gm@dimlist=\toks22
)
(/tmp_mnt/el6/TeX/texmf-dist/tex/latex/listings/listings.sty
\lst@mode=\count115
\lst@gtempboxa=\box30
\lst@token=\toks23
\lst@length=\count116
\lst@currlwidth=\dimen127
\lst@column=\count117
\lst@pos=\count118
\lst@lostspace=\dimen128
\lst@width=\dimen129
\lst@newlines=\count119
\lst@lineno=\count120
\lst@maxwidth=\dimen130

(/tmp_mnt/el6/TeX/texmf-dist/tex/latex/listings/lstmisc.sty
File: lstmisc.sty 2015/06/04 1.6 (Carsten Heinz)
\c@lstnumber=\count121
\lst@skipnumbers=\count122
\lst@framebox=\box31
)
(/tmp_mnt/el6/TeX/texmf-dist/tex/latex/listings/listings.cfg
File: listings.cfg 2015/06/04 1.6 listings configuration
))
Package: listings 2015/06/04 1.6 (Carsten Heinz)

(/tmp_mnt/el6/TeX/texmf-dist/tex/latex/graphics/color.sty
Package: color 2016/07/10 v1.1e Standard LaTeX Color (DPC)

(/tmp_mnt/el6/TeX/texmf-dist/tex/latex/graphics-cfg/color.cfg
File: color.cfg 2016/01/02 v1.6 sample color configuration
)
Package color Info: Driver file: pdftex.def on input line 147.
)
(./description_of_changed_files.aux)
\openout1 = `description_of_changed_files.aux'.

LaTeX Font Info:    Checking defaults for OML/cmm/m/it on input line 67.
LaTeX Font Info:    ... okay on input line 67.
LaTeX Font Info:    Checking defaults for T1/cmr/m/n on input line 67.
LaTeX Font Info:    ... okay on input line 67.
LaTeX Font Info:    Checking defaults for OT1/cmr/m/n on input line 67.
LaTeX Font Info:    ... okay on input line 67.
LaTeX Font Info:    Checking defaults for OMS/cmsy/m/n on input line 67.
LaTeX Font Info:    ... okay on input line 67.
LaTeX Font Info:    Checking defaults for OMX/cmex/m/n on input line 67.
LaTeX Font Info:    ... okay on input line 67.
LaTeX Font Info:    Checking defaults for U/cmr/m/n on input line 67.
LaTeX Font Info:    ... okay on input line 67.
LaTeX Font Info:    Checking defaults for PD1/pdf/m/n on input line 67.
LaTeX Font Info:    ... okay on input line 67.

(/tmp_mnt/el6/TeX/texmf-dist/tex/context/base/mkii/supp-pdf.mkii
[Loading MPS to PDF converter (version 2006.09.02).]
\scratchcounter=\count123
\scratchdimen=\dimen131
\scratchbox=\box32
\nofMPsegments=\count124
\nofMParguments=\count125
\everyMPshowfont=\toks24
\MPscratchCnt=\count126
\MPscratchDim=\dimen132
\MPnumerator=\count127
\makeMPintoPDFobject=\count128
\everyMPtoPDFconversion=\toks25
) (/tmp_mnt/el6/TeX/texmf-dist/tex/latex/oberdiek/epstopdf-base.sty
Package: epstopdf-base 2016/05/15 v2.6 Base part for package epstopdf

(/tmp_mnt/el6/TeX/texmf-dist/tex/latex/oberdiek/grfext.sty
Package: grfext 2016/05/16 v1.2 Manage graphics extensions (HO)
)
Package epstopdf-base Info: Redefining graphics rule for `.eps' on input line 4
38.
Package grfext Info: Graphics extension search list:
(grfext)             [.pdf,.png,.jpg,.mps,.jpeg,.jbig2,.jb2,.PDF,.PNG,.JPG,.JPE
G,.JBIG2,.JB2,.eps]
(grfext)             \AppendGraphicsExtensions on input line 456.

(/tmp_mnt/el6/TeX/texmf-dist/tex/latex/latexconfig/epstopdf-sys.cfg
File: epstopdf-sys.cfg 2010/07/13 v1.3 Configuration of (r)epstopdf for TeX Liv
e
))
\AtBeginShipoutBox=\box33
Package hyperref Info: Link coloring OFF on input line 67.

(/tmp_mnt/el6/TeX/texmf-dist/tex/latex/hyperref/nameref.sty
Package: nameref 2016/05/21 v2.44 Cross-referencing by name of section

(/tmp_mnt/el6/TeX/texmf-dist/tex/generic/oberdiek/gettitlestring.sty
Package: gettitlestring 2016/05/16 v1.5 Cleanup title references (HO)
)
\c@section@level=\count129
)
LaTeX Info: Redefining \ref on input line 67.
LaTeX Info: Redefining \pageref on input line 67.
LaTeX Info: Redefining \nameref on input line 67.

(./description_of_changed_files.out) (./description_of_changed_files.out)
\@outlinefile=\write3
\openout3 = `description_of_changed_files.out'.


*geometry* driver: auto-detecting
*geometry* detected driver: pdftex
*geometry* verbose mode - [ preamble ] result:
* driver: pdftex
* paper: a4paper
* layout: <same size as paper>
* layoutoffset:(h,v)=(0.0pt,0.0pt)
* modes: 
* h-part:(L,W,R)=(71.13188pt, 469.47049pt, 56.9055pt)
* v-part:(T,H,B)=(56.9055pt, 702.78308pt, 85.35826pt)
* \paperwidth=597.50787pt
* \paperheight=845.04684pt
* \textwidth=469.47049pt
* \textheight=702.78308pt
* \oddsidemargin=-1.1381pt
* \evensidemargin=-1.1381pt
* \topmargin=-48.36449pt
* \headheight=15.0pt
* \headsep=18.0pt
* \topskip=10.0pt
* \footskip=42.0pt
* \marginparwidth=74.68849pt
* \marginparsep=12.8401pt
* \columnsep=10.0pt
* \skip\footins=9.0pt plus 4.0pt minus 2.0pt
* \hoffset=0.0pt
* \voffset=0.0pt
* \mag=1000
* \@twocolumnfalse
* \@twosidefalse
* \@mparswitchfalse
* \@reversemarginfalse
* (1in=72.27pt=25.4mm, 1cm=28.453pt)

\c@lstlisting=\count130
LaTeX Font Info:    Try loading font information for U+msa on input line 70.
(/tmp_mnt/el6/TeX/texmf-dist/tex/latex/amsfonts/umsa.fd
File: umsa.fd 2013/01/14 v3.01 AMS symbols A
)
LaTeX Font Info:    Try loading font information for U+msb on input line 70.

(/tmp_mnt/el6/TeX/texmf-dist/tex/latex/amsfonts/umsb.fd
File: umsb.fd 2013/01/14 v3.01 AMS symbols B
) [1



{/usr/local/TeX/texmf-var/fonts/map/pdftex/updmap/pdftex.map}] (./description_o
f_changed_files.toc
[2

])
\tf@toc=\write4
\openout4 = `description_of_changed_files.toc'.

 (./modified_files.tex [3]
chapter .

Class scrreprt Warning: \float@addtolists detected!
(scrreprt)              Implementation of \float@addtolist became
(scrreprt)              deprecated in KOMA-Script v3.01 2008/11/14 and
(scrreprt)              has been replaced by several more flexible
(scrreprt)              features of package `tocbasic`.
(scrreprt)              Since Version 3.12 support for deprecated
(scrreprt)              \float@addtolist interface has been
(scrreprt)              restricted to only some of the KOMA-Script
(scrreprt)              features and been removed from others.
(scrreprt)              Loading of package `scrhack' may help to
(scrreprt)              avoid this warning, if you are using a
(scrreprt)              a package that still implements the
(scrreprt)              deprecated \float@addtolist interface .

LaTeX Font Info:    Try loading font information for OMS+cmr on input line 10.
(/tmp_mnt/el6/TeX/texmf-dist/tex/latex/base/omscmr.fd
File: omscmr.fd 2014/09/29 v2.5h Standard LaTeX font definitions
)
LaTeX Font Info:    Font shape `OMS/cmr/m/n' in size <10> not available
(Font)              Font shape `OMS/cmsy/m/n' tried instead on input line 10.

Overfull \hbox (45.58673pt too wide) in paragraph at lines 53--55
[]\OT1/cmr/m/n/10 Several vari-ables ( \OT1/cmr/bx/n/10 mol[]corresp[]ind\OT1/c
mr/m/n/10 , \OT1/cmr/bx/n/10 fix[]force[]bound[]ind\OT1/cmr/m/n/10 , \OT1/cmr/b
x/n/10 n[]mol[]corresp[]glob\OT1/cmr/m/n/10 , \OT1/cmr/bx/n/10 n[]mol[]corresp[
]glob[]max\OT1/cmr/m/n/10 ,
 []

[4

] [5] [6] [7]) (./added_files.tex [8]
chapter .

LaTeX Warning: Citation `Fedosov2010' on page 9 undefined on input line 8.

[9

] [10] [11]
Underfull \hbox (badness 10000) in paragraph at lines 208--211

 []


Underfull \hbox (badness 10000) in paragraph at lines 212--213

 []

[12] (./added_files_fix.tex [13] [14]
Underfull \hbox (badness 10000) in paragraph at lines 140--145

 []


Underfull \hbox (badness 10000) in paragraph at lines 140--145

 []

[15]

LaTeX Warning: Citation `Pereverzev2005a' on page 16 undefined on input line 23
3.


LaTeX Warning: Citation `Prezhdo2009a' on page 16 undefined on input line 233.


LaTeX Warning: Citation `Pereverzev2005a' on page 16 undefined on input line 23
7.


LaTeX Warning: Citation `Kim2010a' on page 16 undefined on input line 237.


Underfull \hbox (badness 10000) in paragraph at lines 254--256

 []


Overfull \hbox (58.38997pt too wide) in paragraph at lines 276--277
[]$\OML/cmm/m/it/10 ind[] d[] comm[] binsize max[] cell[] build[] group[] group
[] group[]$ 
 []

[16]
Overfull \hbox (21.34937pt too wide) in paragraph at lines 292--293
[]\OT1/cmr/m/it/10 This line de-scribes the adap-tive shear force near solid bo
und-aries; see the cor-re-spond-ing line in []fix[]solid[]bound[] 
 []


Underfull \hbox (badness 10000) in paragraph at lines 310--323

 []


Underfull \hbox (badness 10000) in paragraph at lines 310--323

 []


Underfull \hbox (badness 10000) in paragraph at lines 310--323

 []


Underfull \hbox (badness 10000) in paragraph at lines 310--323

 []


Underfull \hbox (badness 10000) in paragraph at lines 324--326

 []

[17]
Underfull \hbox (badness 10000) in paragraph at lines 338--341

 []


Underfull \hbox (badness 10000) in paragraph at lines 338--341

 []


Overfull \hbox (7.45288pt too wide) in paragraph at lines 388--389
[]\OT1/cmr/m/n/10 1 0.100 2.785350 1.436580 0.100 5.044880 0.761321 0.100 4.626
040 2.151790 #tri-an-gOR-rect-ang mesh[]face[]coord 
 []

[18]
Overfull \hbox (9.68484pt too wide) in paragraph at lines 396--397
[]\OT1/cmr/m/n/10 This press.dat file can be gen-er-ated from ra-dial dis-tri-b
u-tion file from LAMMPS and Mat-lab code 'force[]press.m'. 
 []


LaTeX Warning: Citation `Lei20113765' on page 19 undefined on input line 398.


LaTeX Warning: Citation `Allen_CSL_1991' on page 19 undefined on input line 440
.

[19]

LaTeX Warning: Citation `Lei20113765' on page 20 undefined on input line 483.


Underfull \hbox (badness 10000) in paragraph at lines 528--532

 []


Underfull \hbox (badness 10000) in paragraph at lines 538--540

 []

[20] [21]
Underfull \hbox (badness 10000) in paragraph at lines 627--637

 []


Underfull \hbox (badness 10000) in paragraph at lines 627--637

 []


Underfull \hbox (badness 10000) in paragraph at lines 627--637

 []


Underfull \hbox (badness 10000) in paragraph at lines 627--637

 []


Underfull \hbox (badness 10000) in paragraph at lines 627--637

 []


Underfull \hbox (badness 10000) in paragraph at lines 627--637

 []


Underfull \hbox (badness 10000) in paragraph at lines 638--640

 []

[22]
<adaptiveShearForce.pdf, id=731, pagebox=cropbox, 469.47395pt x 234.73697pt>
File: adaptiveShearForce.pdf Graphic file (type pdf)
<use adaptiveShearForce.pdf>
Package pdftex.def Info: adaptiveShearForce.pdf  used on input line 649. on inp
ut line 649.
Package pdftex.def Info: Requested size: 234.73524pt x 117.3682pt on input line
 649.

Underfull \hbox (badness 10000) in paragraph at lines 671--674

 []

<wallNeighbours.pdf, id=733, pagebox=cropbox, 298.75616pt x 213.39726pt>
File: wallNeighbours.pdf Graphic file (type pdf)
<use wallNeighbours.pdf>
Package pdftex.def Info: wallNeighbours.pdf  used on input line 676. on input l
ine 676.
Package pdftex.def Info: Requested size: 234.73524pt x 167.67024pt on input lin
e 676.
[23 <./adaptiveShearForce.pdf> <./wallNeighbours.pdf>]) [24]
Underfull \hbox (badness 10000) in paragraph at lines 289--291

 []


Underfull \hbox (badness 10000) in paragraph at lines 297--299

 []


Underfull \hbox (badness 10000) in paragraph at lines 315--317

 []

[25]
Underfull \hbox (badness 10000) in paragraph at lines 332--334

 []

[26] [27]
LaTeX Font Info:    Try loading font information for U+dsrom on input line 426.

 (/tmp_mnt/el6/TeX/texmf-dist/tex/latex/doublestroke/Udsrom.fd
File: Udsrom.fd 1995/08/01 v0.1 Double stroke roman font definitions
)

LaTeX Warning: Citation `Mueller_SDPD_2015' on page 28 undefined on input line 
447.

[28]

LaTeX Warning: Citation `Mueller_SDPD_2015' on page 29 undefined on input line 
476.


LaTeX Warning: Citation `Espanol_SDPD_2003' on page 29 undefined on input line 
503.

[29] [30] [31]
Underfull \hbox (badness 10000) in paragraph at lines 692--694

 []

[32] [33]
LaTeX Font Info:    Try loading font information for U+euf on input line 853.
 (/tmp_mnt/el6/TeX/texmf-dist/tex/latex/amsfonts/ueuf.fd
File: ueuf.fd 2013/01/14 v3.01 Euler Fraktur
) [34])
(./tools.tex [35]
chapter .
LaTeX Font Info:    Try loading font information for OML+cmr on input line 67.
(/tmp_mnt/el6/TeX/texmf-dist/tex/latex/base/omlcmr.fd
File: omlcmr.fd 2014/09/29 v2.5h Standard LaTeX font definitions
)
LaTeX Font Info:    Font shape `OML/cmr/bx/n' in size <10> not available
(Font)              Font shape `OML/cmm/b/it' tried instead on input line 67.
 [36

]
Overfull \hbox (44.73738pt too wide) in paragraph at lines 105--106
[]$\OML/cmm/m/it/10 atom[]type cyl[]ind random[]ind x[] x[] y[]\OT1/cmr/m/n/10 
(\OML/cmm/m/it/10 y[]\OT1/cmr/m/n/10 ) \OML/cmm/m/it/10 y[]\OT1/cmr/m/n/10 (\OM
L/cmm/m/it/10 r[]min\OT1/cmr/m/n/10 ) \OML/cmm/m/it/10 z[]\OT1/cmr/m/n/10 (\OML
/cmm/m/it/10 z[]\OT1/cmr/m/n/10 ) \OML/cmm/m/it/10 z[]\OT1/cmr/m/n/10 (\OML/cmm
/m/it/10 r[]max\OT1/cmr/m/n/10 ) \OML/cmm/m/it/10 n[]\OT1/cmr/m/n/10 (\OML/cmm/
m/it/10 n[]rand\OT1/cmr/m/n/10 ) \OML/cmm/m/it/10 n[] n[]$ 
 []

[37]
Overfull \hbox (6.02588pt too wide) in paragraph at lines 134--135
[]$\OML/cmm/m/it/10 file[]name$\OT1/cmr/m/n/10 : name of the in-put file con-ta
in-ing the ob-ject in-for-ma-tion (co-or-di-nates, bonds, (tri)angles,
 []


Underfull \hbox (badness 10000) in paragraph at lines 153--167

 []


Underfull \hbox (badness 10000) in paragraph at lines 153--167

 []

[38]
Underfull \hbox (badness 10000) in paragraph at lines 168--169

 []


Underfull \hbox (badness 10000) in paragraph at lines 170--176

 []


Underfull \hbox (badness 10000) in paragraph at lines 170--176

 []

) (./description_of_changed_files.bbl [39])
Package atveryend Info: Empty hook `BeforeClearDocument' on input line 80.
 [40

]
Package atveryend Info: Empty hook `AfterLastShipout' on input line 80.

(./description_of_changed_files.aux)
Package atveryend Info: Executing hook `AtVeryEndDocument' on input line 80.
Package atveryend Info: Executing hook `AtEndAfterFileList' on input line 80.
Package rerunfilecheck Info: File `description_of_changed_files.out' has not ch
anged.
(rerunfilecheck)             Checksum: 11EB1552BECB59B31745967CA9C48D22;7108.


LaTeX Warning: There were undefined references.


LaTeX Warning: Label(s) may have changed. Rerun to get cross-references right.

Package atveryend Info: Empty hook `AtVeryVeryEnd' on input line 80.
 ) 
Here is how much of TeX's memory you used:
 12541 strings out of 492990
 203416 string characters out of 6136806
 426467 words of memory out of 5000000
 15673 multiletter control sequences out of 15000+600000
 19926 words of font info for 78 fonts, out of 8000000 for 9000
 1141 hyphenation exceptions out of 8191
 42i,14n,66p,8859b,1124s stack positions out of 5000i,500n,10000p,200000b,80000s
</tmp_mnt/el6/TeX/texmf-dist/fonts/type1/public/amsfonts/cm/cmbsy10.pfb></tmp
_mnt/el6/TeX/texmf-dist/fonts/type1/public/amsfonts/cm/cmbx10.pfb></tmp_mnt/el6
/TeX/texmf-dist/fonts/type1/public/amsfonts/cm/cmbxti10.pfb></tmp_mnt/el6/TeX/t
exmf-dist/fonts/type1/public/amsfonts/cm/cmex10.pfb></tmp_mnt/el6/TeX/texmf-dis
t/fonts/type1/public/amsfonts/cm/cmmi10.pfb></tmp_mnt/el6/TeX/texmf-dist/fonts/
type1/public/amsfonts/cm/cmmi12.pfb></tmp_mnt/el6/TeX/texmf-dist/fonts/type1/pu
blic/amsfonts/cm/cmmi5.pfb></tmp_mnt/el6/TeX/texmf-dist/fonts/type1/public/amsf
onts/cm/cmmi7.pfb></tmp_mnt/el6/TeX/texmf-dist/fonts/type1/public/amsfonts/cm/c
mmi8.pfb></tmp_mnt/el6/TeX/texmf-dist/fonts/type1/public/amsfonts/cm/cmmi9.pfb>
</tmp_mnt/el6/TeX/texmf-dist/fonts/type1/public/amsfonts/cm/cmmib10.pfb></tmp_m
nt/el6/TeX/texmf-dist/fonts/type1/public/amsfonts/cm/cmr10.pfb></tmp_mnt/el6/Te
X/texmf-dist/fonts/type1/public/amsfonts/cm/cmr12.pfb></tmp_mnt/el6/TeX/texmf-d
ist/fonts/type1/public/amsfonts/cm/cmr5.pfb></tmp_mnt/el6/TeX/texmf-dist/fonts/
type1/public/amsfonts/cm/cmr6.pfb></tmp_mnt/el6/TeX/texmf-dist/fonts/type1/publ
ic/amsfonts/cm/cmr7.pfb></tmp_mnt/el6/TeX/texmf-dist/fonts/type1/public/amsfont
s/cm/cmr8.pfb></tmp_mnt/el6/TeX/texmf-dist/fonts/type1/public/amsfonts/cm/cmssb
x10.pfb></tmp_mnt/el6/TeX/texmf-dist/fonts/type1/public/amsfonts/cm/cmsy10.pfb>
</tmp_mnt/el6/TeX/texmf-dist/fonts/type1/public/amsfonts/cm/cmsy5.pfb></tmp_mnt
/el6/TeX/texmf-dist/fonts/type1/public/amsfonts/cm/cmsy7.pfb></tmp_mnt/el6/TeX/
texmf-dist/fonts/type1/public/amsfonts/cm/cmti10.pfb></tmp_mnt/el6/TeX/texmf-di
st/fonts/type1/public/amsfonts/cm/cmtt9.pfb></tmp_mnt/el6/TeX/texmf-dist/fonts/
type1/public/doublestroke/dsrom10.pfb></tmp_mnt/el6/TeX/texmf-dist/fonts/type1/
public/amsfonts/euler/eufm10.pfb>
Output written on description_of_changed_files.pdf (40 pages, 506838 bytes).
PDF statistics:
 1058 PDF objects out of 1200 (max. 8388607)
 969 compressed objects within 10 object streams
 255 named destinations out of 1000 (max. 500000)
 851 words of extra memory for PDF output out of 10000 (max. 10000000)

